current directory: /Users/eden/Desktop/rails-test/tinyApi/gems/date-3.4.1/ext/date
/Users/eden/.local/share/mise/installs/ruby/3.3.0/bin/ruby extconf.rb
checking for rb_category_warn()... yes
checking for timezone in time.h with  -Werror... yes
checking for altzone in time.h with  -Werror... no
creating Makefile

current directory: /Users/eden/Desktop/rails-test/tinyApi/gems/date-3.4.1/ext/date
make DESTDIR\= sitearchdir\=./.gem.20250706-55568-yt15xy sitelibdir\=./.gem.20250706-55568-yt15xy clean

current directory: /Users/eden/Desktop/rails-test/tinyApi/gems/date-3.4.1/ext/date
make DESTDIR\= sitearchdir\=./.gem.20250706-55568-yt15xy sitelibdir\=./.gem.20250706-55568-yt15xy
compiling date_core.c
compiling date_parse.c
compiling date_strftime.c
compiling date_strptime.c
linking shared-object date_core.bundle

current directory: /Users/eden/Desktop/rails-test/tinyApi/gems/date-3.4.1/ext/date
make DESTDIR\= sitearchdir\=./.gem.20250706-55568-yt15xy sitelibdir\=./.gem.20250706-55568-yt15xy install
/usr/bin/install -c -m 0755 date_core.bundle ./.gem.20250706-55568-yt15xy

current directory: /Users/eden/Desktop/rails-test/tinyApi/gems/date-3.4.1/ext/date
make DESTDIR\= sitearchdir\=./.gem.20250706-55568-yt15xy sitelibdir\=./.gem.20250706-55568-yt15xy clean
