current directory: /Users/eden/Desktop/rails-test/tinyApi/gems/psych-5.2.6/ext/psych
/Users/eden/.local/share/mise/installs/ruby/3.3.0/bin/ruby extconf.rb
checking for pkg-config for yaml-0.1... ["-I/opt/homebrew/Cellar/libyaml/0.2.5/include ", "-L/opt/homebrew/Cellar/libyaml/0.2.5/lib", "-lyaml"]
checking for yaml.h... yes
checking for yaml_get_version() in -lyaml... yes
creating Makefile

current directory: /Users/eden/Desktop/rails-test/tinyApi/gems/psych-5.2.6/ext/psych
make DESTDIR\= sitearchdir\=./.gem.20250706-55568-bc2n60 sitelibdir\=./.gem.20250706-55568-bc2n60 clean
cd libyaml && /Library/Developer/CommandLineTools/usr/bin/make clean
/bin/sh: line 0: cd: libyaml: No such file or directory
make: [clean-so] Error 1 (ignored)

current directory: /Users/eden/Desktop/rails-test/tinyApi/gems/psych-5.2.6/ext/psych
make DESTDIR\= sitearchdir\=./.gem.20250706-55568-bc2n60 sitelibdir\=./.gem.20250706-55568-bc2n60
compiling psych.c
compiling psych_emitter.c
compiling psych_parser.c
compiling psych_to_ruby.c
compiling psych_yaml_tree.c
linking shared-object psych.bundle
ld: warning: ignoring duplicate libraries: '-lyaml'

current directory: /Users/eden/Desktop/rails-test/tinyApi/gems/psych-5.2.6/ext/psych
make DESTDIR\= sitearchdir\=./.gem.20250706-55568-bc2n60 sitelibdir\=./.gem.20250706-55568-bc2n60 install
/usr/bin/install -c -m 0755 psych.bundle ./.gem.20250706-55568-bc2n60

current directory: /Users/eden/Desktop/rails-test/tinyApi/gems/psych-5.2.6/ext/psych
make DESTDIR\= sitearchdir\=./.gem.20250706-55568-bc2n60 sitelibdir\=./.gem.20250706-55568-bc2n60 clean
cd libyaml && /Library/Developer/CommandLineTools/usr/bin/make clean
/bin/sh: line 0: cd: libyaml: No such file or directory
make: [clean-so] Error 1 (ignored)
